#
# A fatal error has been detected by the Java Runtime Environment:
#
#  SIGSEGV (0xb) at pc=0x00007fff8f72c250, pid=74584, tid=1799
#
# JRE version: Java(TM) SE Runtime Environment (7.0_45-b18) (build 1.7.0_45-b18)
# Java VM: Java HotSpot(TM) 64-Bit Server VM (24.45-b08 mixed mode bsd-amd64 compressed oops)
# Problematic frame:
# C  [libobjc.A.dylib+0x6250]  objc_msgSend+0x10
#
# Failed to write core dump. Core dumps have been disabled. To enable core dumping, try "ulimit -c unlimited" before starting Java again
#
# If you would like to submit a bug report, please visit:
#   http://bugreport.sun.com/bugreport/crash.jsp
# The crash happened outside the Java Virtual Machine in native code.
# See problematic frame for where to report the bug.
#

---------------  T H R E A D  ---------------

Current thread (0x00007fcc4d8a8800):  JavaThread "AppKit Thread" daemon [_thread_in_native, id=1799, stack(0x00007fff52834000,0x00007fff53034000)]

siginfo:si_signo=SIGSEGV: si_errno=0, si_code=1 (SEGV_MAPERR), si_addr=0x00000000beb00010

Registers:
RAX=0x00007fcc4bc5d400, RBX=0x00007fcc4bc2ee38, RCX=0x00007fcc4d103000, RDX=0x00007fcc4bc53ca0
RSP=0x00007fff5302fb80, RBP=0x00007fff5302fcc0, RSI=0x00007fff8ef634f6, RDI=0x00007fcc4bc5d400
R8 =0x00007fcc4ca01e30, R9 =0x0000000000000002, R10=0x1280440002800005, R11=0x00000000beb00000
R12=0x0000000000000001, R13=0x0000000000000000, R14=0x00007fcc4bc5d470, R15=0x00007fcc4bc2ee30
RIP=0x00007fff8f72c250, EFLAGS=0x0000000000010246, ERR=0x0000000000000004
  TRAPNO=0x000000000000000e

Top of Stack: (sp=0x00007fff5302fb80)
0x00007fff5302fb80:   00007fcc4bc5d400 00007fff8679eeda
0x00007fff5302fb90:   0000000000000002 00007fff76569d4c
0x00007fff5302fba0:   0000000000000000 00007fcc4ca01e30
0x00007fff5302fbb0:   00000000000f42e7 0000000000000002
0x00007fff5302fbc0:   00007fcc4bc53ca0 00007fcc4bc605e0
0x00007fff5302fbd0:   00007fcc4bc5fed0 0000000000000002
0x00007fff5302fbe0:   00007fcc4bc2ee30 0000000000000000
0x00007fff5302fbf0:   0000000000000056 00007fcc4ca01e20
0x00007fff5302fc00:   0000000000000000 0000000000000051
0x00007fff5302fc10:   00007fff7656b0e0 0000000042000000
0x00007fff5302fc20:   00007fff868485b0 00007fff7556cd60
0x00007fff5302fc30:   00007fcc4ca01e20 0000000000000051
0x00007fff5302fc40:   0000000000000000 00000000000f42e5
0x00007fff5302fc50:   00007fcc4cc2b980 00007fcc4bc53ca0
0x00007fff5302fc60:   0000000000000005 0000000000000000
0x00007fff5302fc70:   00007fcc4bc5fed0 0000000000000000
0x00007fff5302fc80:   00007fff5302fcc0 00007fff880778a3
0x00007fff5302fc90:   00007fcc4cc018e0 00007fcc4bc53ca0
0x00007fff5302fca0:   00007fff8f72c240 00007fcc4bc4c8a0
0x00007fff5302fcb0:   00007fcc4cc018e0 0000000000000000
0x00007fff5302fcc0:   00007fff5302fce0 00007fff880777b6
0x00007fff5302fcd0:   00007fcc4bc5fed0 0000000000000000
0x00007fff5302fce0:   00007fff5302fd10 00007fff8e786b82
0x00007fff5302fcf0:   00007fcc4bc5fed0 00007fff8f72c240
0x00007fff5302fd00:   0000000000000000 0000000000000000
0x00007fff5302fd10:   00007fff5302fd50 00007fff8e78653e
0x00007fff5302fd20:   00007fcc4bc5fed0 00007fff8f72c240
0x00007fff5302fd30:   00007fff8f72c240 00007fcc4bc4c8a0
0x00007fff5302fd40:   00007fcc4bc4c8a0 0000000000000000
0x00007fff5302fd50:   00007fff5302ff10 00007fff8e6b60de
0x00007fff5302fd60:   00010001a08f9b98 00007fcc4bc4c8a0
0x00007fff5302fd70:   00007fff5302fdb0 00007fff8bb48cb5 

Instructions: (pc=0x00007fff8f72c250)
0x00007fff8f72c230:   90 90 90 90 90 90 90 90 90 90 90 90 90 90 90 90
0x00007fff8f72c240:   48 85 ff 74 2b 40 f6 c7 01 2e 75 3b 4c 8b 1f 50
0x00007fff8f72c250:   4d 8b 53 10 89 f0 41 23 02 4d 8b 5c c2 10 ff c0
0x00007fff8f72c260:   4d 85 db 74 36 49 3b 33 75 ec 58 41 ff 63 10 90 

Register to memory mapping:

RAX=0x00007fcc4bc5d400 is an unknown value
RBX=0x00007fcc4bc2ee38 is an unknown value
RCX=0x00007fcc4d103000 is an unknown value
RDX=0x00007fcc4bc53ca0 is an unknown value
RSP=0x00007fff5302fb80 is pointing into the stack for thread: 0x00007fcc4d8a8800
RBP=0x00007fff5302fcc0 is pointing into the stack for thread: 0x00007fcc4d8a8800
RSI=0x00007fff8ef634f6: NSAppKitVersionNumber+0x4f916 in /System/Library/Frameworks/AppKit.framework/Versions/C/AppKit at 0x00007fff8e597000
RDI=0x00007fcc4bc5d400 is an unknown value
R8 =0x00007fcc4ca01e30 is an unknown value
R9 =0x0000000000000002 is an unknown value
R10=0x1280440002800005 is an unknown value
R11=0x00000000beb00000 is an unknown value
R12=0x0000000000000001 is an unknown value
R13=0x0000000000000000 is an unknown value
R14=0x00007fcc4bc5d470 is an unknown value
R15=0x00007fcc4bc2ee30 is an unknown value


Stack: [0x00007fff52834000,0x00007fff53034000],  sp=0x00007fff5302fb80,  free space=8174k
Native frames: (J=compiled Java code, j=interpreted, Vv=VM code, C=native code)
C  [libobjc.A.dylib+0x6250]  objc_msgSend+0x10
C  [Foundation+0x497b6]  -[NSNotificationCenter postNotificationName:object:userInfo:]+0x40
C  [AppKit+0x1efb82]  -[NSSurface _disposeSurface]+0x98
C  [AppKit+0x1ef53e]  -[NSSurface setWindow:]+0x3c
C  [AppKit+0x11f0de]  -[NSView _setWindow:]+0x8db
C  [AppKit+0x12c2b0]  -[NSView removeFromSuperview]+0x1b7
C  [AppKit+0x259a4f]  -[NSView removeFromSuperviewWithoutNeedingDisplay]+0x27
C  [liblwjgl.jnilib+0x936e]  +[MacOSXKeyableWindow destroyWindow]+0xde
C  [Foundation+0x935ca]  __NSThreadPerformPerform+0xe1
C  [CoreFoundation+0x12b31]  __CFRUNLOOP_IS_CALLING_OUT_TO_A_SOURCE0_PERFORM_FUNCTION__+0x11
C  [CoreFoundation+0x12455]  __CFRunLoopDoSources0+0xf5
C  [CoreFoundation+0x357f5]  __CFRunLoopRun+0x315
C  [CoreFoundation+0x350e2]  CFRunLoopRunSpecific+0x122
C  [HIToolbox+0x5feb4]  RunCurrentEventLoopInMode+0xd1
C  [HIToolbox+0x5fc52]  ReceiveNextEventCommon+0x164
C  [HIToolbox+0x5fae3]  BlockUntilNextEventMatchingListInMode+0x3e
C  [AppKit+0x155533]  _DPSNextEvent+0x2ad
C  [AppKit+0x154df2]  -[NSApplication nextEventMatchingMask:untilDate:inMode:dequeue:]+0x80
C  [libosxapp.dylib+0x16f4]  -[NSApplicationAWT nextEventMatchingMask:untilDate:inMode:dequeue:]+0x7c
C  [AppKit+0x14c1a3]  -[NSApplication run]+0x205
C  [libosxapp.dylib+0x1557]  +[NSApplicationAWT runAWTLoopWithApp:]+0x9c
C  [liblwawt.dylib+0xdba9]  -[AWTStarter starter:]+0x369
C  [Foundation+0x935ca]  __NSThreadPerformPerform+0xe1
C  [CoreFoundation+0x12b31]  __CFRUNLOOP_IS_CALLING_OUT_TO_A_SOURCE0_PERFORM_FUNCTION__+0x11
C  [CoreFoundation+0x12455]  __CFRunLoopDoSources0+0xf5
C  [CoreFoundation+0x357f5]  __CFRunLoopRun+0x315
C  [CoreFoundation+0x350e2]  CFRunLoopRunSpecific+0x122
C  [java+0x73b0]  CreateExecutionEnvironment+0x367
C  [java+0x1b5c]  JLI_Launch+0x7a0
C  [java+0x770d]  main+0x65
C  [java+0x13b4]  start+0x34


---------------  P R O C E S S  ---------------

Java Threads: ( => current thread )
  0x00007fcc4c0ab800 JavaThread "DestroyJavaVM" [_thread_blocked, id=6403, stack(0x000000010d74d000,0x000000010d84d000)]
  0x00007fcc4c0ab000 JavaThread "LWJGL Application" [_thread_in_native, id=53763, stack(0x00000001a0c8c000,0x00000001a0d8c000)]
  0x00007fcc4c080800 JavaThread "AWT-Shutdown" [_thread_blocked, id=29443, stack(0x000000019e122000,0x000000019e222000)]
=>0x00007fcc4d8a8800 JavaThread "AppKit Thread" daemon [_thread_in_native, id=1799, stack(0x00007fff52834000,0x00007fff53034000)]
  0x00007fcc4d066800 JavaThread "Service Thread" daemon [_thread_blocked, id=23299, stack(0x000000019c8ec000,0x000000019c9ec000)]
  0x00007fcc4d066000 JavaThread "C2 CompilerThread1" daemon [_thread_blocked, id=22787, stack(0x000000019c7e9000,0x000000019c8e9000)]
  0x00007fcc4d064800 JavaThread "C2 CompilerThread0" daemon [_thread_blocked, id=22275, stack(0x000000019c6e6000,0x000000019c7e6000)]
  0x00007fcc4d05d800 JavaThread "Signal Dispatcher" daemon [_thread_blocked, id=21763, stack(0x000000019c5e3000,0x000000019c6e3000)]
  0x00007fcc4d054000 JavaThread "Finalizer" daemon [_thread_blocked, id=16899, stack(0x000000019c329000,0x000000019c429000)]
  0x00007fcc4d051800 JavaThread "Reference Handler" daemon [_thread_blocked, id=16387, stack(0x000000019c226000,0x000000019c326000)]

Other Threads:
  0x00007fcc4d050800 VMThread [stack: 0x000000019c123000,0x000000019c223000] [id=15875]
  0x00007fcc4d055800 WatcherThread [stack: 0x000000019c9ef000,0x000000019caef000] [id=23811]

VM state:not at safepoint (normal execution)

VM Mutex/Monitor currently owned by a thread: None

Heap
 PSYoungGen      total 38912K, used 11717K [0x000000016b180000, 0x000000016dc80000, 0x0000000195c80000)
  eden space 33792K, 34% used [0x000000016b180000,0x000000016bcf1680,0x000000016d280000)
  from space 5120K, 0% used [0x000000016d780000,0x000000016d780000,0x000000016dc80000)
  to   space 5120K, 0% used [0x000000016d280000,0x000000016d280000,0x000000016d780000)
 ParOldGen       total 87040K, used 0K [0x0000000115c80000, 0x000000011b180000, 0x000000016b180000)
  object space 87040K, 0% used [0x0000000115c80000,0x0000000115c80000,0x000000011b180000)
 PSPermGen       total 21504K, used 6069K [0x0000000110a80000, 0x0000000111f80000, 0x0000000115c80000)
  object space 21504K, 28% used [0x0000000110a80000,0x000000011106d420,0x0000000111f80000)

Card table byte_map: [0x0000000195c80000,0x00000001960aa000] byte_map_base: 0x00000001953fac00

Polling page: 0x000000010d88c000

Code Cache  [0x000000010d922000, 0x000000010db92000, 0x0000000110922000)
 total_blobs=382 nmethods=50 adapters=287 free_code_cache=48627Kb largest_free_block=49765696

Compilation events (10 events):
Event: 6.861 Thread 0x00007fcc4d066000 nmethod 46 0x000000010d9a3990 code [0x000000010d9a3ae0, 0x000000010d9a3b78]
Event: 6.861 Thread 0x00007fcc4d066000   47             org.lwjgl.BufferChecks::checkFunctionAddress (23 bytes)
Event: 6.861 Thread 0x00007fcc4d064800 nmethod 45 0x000000010d9a5e50 code [0x000000010d9a5fa0, 0x000000010d9a6058]
Event: 6.862 Thread 0x00007fcc4d066000 nmethod 47 0x000000010d9a3790 code [0x000000010d9a38c0, 0x000000010d9a3918]
Event: 7.511 Thread 0x00007fcc4d064800   48             java.nio.Buffer::remaining (10 bytes)
Event: 7.512 Thread 0x00007fcc4d064800 nmethod 48 0x000000010d9a5c50 code [0x000000010d9a5d80, 0x000000010d9a5dd8]
Event: 7.595 Thread 0x00007fcc4d066000   49             com.badlogic.gdx.math.Vector3::set (17 bytes)
Event: 7.596 Thread 0x00007fcc4d066000 nmethod 49 0x000000010d9a59d0 code [0x000000010d9a5b00, 0x000000010d9a5b98]
Event: 10.252 Thread 0x00007fcc4d064800   50             java.nio.Buffer::limit (62 bytes)
Event: 10.253 Thread 0x00007fcc4d064800 nmethod 50 0x000000010d9a5790 code [0x000000010d9a58c0, 0x000000010d9a5958]

GC Heap History (0 events):
No events

Deoptimization events (0 events):
No events

Internal exceptions (10 events):
Event: 0.710 Thread 0x00007fcc4c0ab000 Threw 0x000000016bc02cc8 at /HUDSON/workspace/7u-2-build-macosx-x86_64/jdk7u45/229/hotspot/src/share/vm/prims/jvm.cpp:1244
Event: 0.716 Thread 0x00007fcc4c0ab000 Threw 0x000000016bc10878 at /HUDSON/workspace/7u-2-build-macosx-x86_64/jdk7u45/229/hotspot/src/share/vm/prims/jvm.cpp:1244
Event: 0.717 Thread 0x00007fcc4c0ab000 Threw 0x000000016bc163a0 at /HUDSON/workspace/7u-2-build-macosx-x86_64/jdk7u45/229/hotspot/src/share/vm/prims/jvm.cpp:1244
Event: 1.312 Thread 0x00007fcc4c0ab000 Threw 0x000000016bc1cf28 at /HUDSON/workspace/7u-2-build-macosx-x86_64/jdk7u45/229/hotspot/src/share/vm/prims/jvm.cpp:1244
Event: 1.313 Thread 0x00007fcc4c0ab000 Threw 0x000000016bc22420 at /HUDSON/workspace/7u-2-build-macosx-x86_64/jdk7u45/229/hotspot/src/share/vm/prims/jvm.cpp:1244
Event: 1.697 Thread 0x00007fcc4c0ab000 Threw 0x000000016bc27ca8 at /HUDSON/workspace/7u-2-build-macosx-x86_64/jdk7u45/229/hotspot/src/share/vm/prims/jvm.cpp:1244
Event: 11.221 Thread 0x00007fcc4c0ab000 Threw 0x000000016bc3e4a0 at /HUDSON/workspace/7u-2-build-macosx-x86_64/jdk7u45/229/hotspot/src/share/vm/prims/jvm.cpp:1244
Event: 11.222 Thread 0x00007fcc4c0ab000 Threw 0x000000016bc439b0 at /HUDSON/workspace/7u-2-build-macosx-x86_64/jdk7u45/229/hotspot/src/share/vm/prims/jvm.cpp:1244
Event: 11.223 Thread 0x00007fcc4c0ab000 Threw 0x000000016bc49478 at /HUDSON/workspace/7u-2-build-macosx-x86_64/jdk7u45/229/hotspot/src/share/vm/prims/jvm.cpp:1244
Event: 11.229 Thread 0x00007fcc4c0ab000 Threw 0x000000016bc4f6a0 at /HUDSON/workspace/7u-2-build-macosx-x86_64/jdk7u45/229/hotspot/src/share/vm/prims/jvm.cpp:1244

Events (10 events):
Event: 11.221 loading class 0x00007fcc4c830a20
Event: 11.221 loading class 0x00007fcc4c830a20 done
Event: 11.222 loading class 0x00007fcc4c82f390
Event: 11.222 loading class 0x00007fcc4c82f390 done
Event: 11.223 loading class 0x00007fcc4c82f440
Event: 11.223 loading class 0x00007fcc4c82f440 done
Event: 11.224 loading class 0x000000019aebace0
Event: 11.224 loading class 0x000000019aebace0 done
Event: 11.228 loading class 0x00007fcc4c86c490
Event: 11.228 loading class 0x00007fcc4c86c490 done


Dynamic libraries:
0x0000000005212000 	/System/Library/Frameworks/Cocoa.framework/Versions/A/Cocoa
0x0000000005212000 	/System/Library/Frameworks/Security.framework/Versions/A/Security
0x0000000005212000 	/System/Library/Frameworks/ApplicationServices.framework/Versions/A/ApplicationServices
0x0000000005212000 	/usr/lib/libz.1.dylib
0x0000000005212000 	/usr/lib/libSystem.B.dylib
0x0000000005212000 	/usr/lib/libobjc.A.dylib
0x0000000005212000 	/System/Library/Frameworks/CoreFoundation.framework/Versions/A/CoreFoundation
0x0000000005212000 	/System/Library/Frameworks/Foundation.framework/Versions/C/Foundation
0x0000000005212000 	/System/Library/Frameworks/AppKit.framework/Versions/C/AppKit
0x0000000005212000 	/System/Library/Frameworks/CoreData.framework/Versions/A/CoreData
0x0000000005212000 	/System/Library/PrivateFrameworks/RemoteViewServices.framework/Versions/A/RemoteViewServices
0x0000000005212000 	/System/Library/Frameworks/AudioToolbox.framework/Versions/A/AudioToolbox
0x0000000005212000 	/System/Library/Frameworks/AudioUnit.framework/Versions/A/AudioUnit
0x0000000005212000 	/System/Library/PrivateFrameworks/DataDetectorsCore.framework/Versions/A/DataDetectorsCore
0x0000000005212000 	/System/Library/PrivateFrameworks/DesktopServicesPriv.framework/Versions/A/DesktopServicesPriv
0x0000000005212000 	/System/Library/Frameworks/Carbon.framework/Versions/A/Frameworks/HIToolbox.framework/Versions/A/HIToolbox
0x0000000005212000 	/System/Library/Frameworks/QuartzCore.framework/Versions/A/QuartzCore
0x0000000005212000 	/System/Library/Frameworks/Carbon.framework/Versions/A/Frameworks/SpeechRecognition.framework/Versions/A/SpeechRecognition
0x0000000005212000 	/usr/lib/libauto.dylib
0x0000000005212000 	/usr/lib/libicucore.A.dylib
0x0000000005212000 	/usr/lib/libxml2.2.dylib
0x0000000005212000 	/System/Library/PrivateFrameworks/CoreUI.framework/Versions/A/CoreUI
0x0000000005212000 	/System/Library/Frameworks/CoreAudio.framework/Versions/A/CoreAudio
0x0000000005212000 	/System/Library/Frameworks/DiskArbitration.framework/Versions/A/DiskArbitration
0x0000000005212000 	/usr/lib/liblangid.dylib
0x0000000005212000 	/System/Library/PrivateFrameworks/MultitouchSupport.framework/Versions/A/MultitouchSupport
0x0000000005212000 	/System/Library/Frameworks/IOKit.framework/Versions/A/IOKit
0x0000000005212000 	/usr/lib/libDiagnosticMessagesClient.dylib
0x0000000005212000 	/System/Library/Frameworks/CoreServices.framework/Versions/A/CoreServices
0x0000000005212000 	/System/Library/PrivateFrameworks/PerformanceAnalysis.framework/Versions/A/PerformanceAnalysis
0x0000000005212000 	/System/Library/PrivateFrameworks/GenerationalStorage.framework/Versions/A/GenerationalStorage
0x0000000005212000 	/System/Library/Frameworks/OpenGL.framework/Versions/A/OpenGL
0x0000000005212000 	/System/Library/Frameworks/CoreText.framework/Versions/A/CoreText
0x0000000005212000 	/System/Library/Frameworks/ImageIO.framework/Versions/A/ImageIO
0x0000000005212000 	/System/Library/PrivateFrameworks/Backup.framework/Versions/A/Backup
0x0000000005212000 	/System/Library/Frameworks/CFNetwork.framework/Versions/A/CFNetwork
0x0000000005212000 	/System/Library/Frameworks/SystemConfiguration.framework/Versions/A/SystemConfiguration
0x0000000005212000 	/usr/lib/libCRFSuite.dylib
0x0000000005212000 	/System/Library/PrivateFrameworks/TCC.framework/Versions/A/TCC
0x0000000005212000 	/usr/lib/libc++.1.dylib
0x0000000005212000 	/usr/lib/libc++abi.dylib
0x0000000005212000 	/usr/lib/system/libcache.dylib
0x0000000005212000 	/usr/lib/system/libcommonCrypto.dylib
0x0000000005212000 	/usr/lib/system/libcompiler_rt.dylib
0x0000000005212000 	/usr/lib/system/libcopyfile.dylib
0x0000000005212000 	/usr/lib/system/libdispatch.dylib
0x0000000005212000 	/usr/lib/system/libdnsinfo.dylib
0x0000000005212000 	/usr/lib/system/libdyld.dylib
0x0000000005212000 	/usr/lib/system/libkeymgr.dylib
0x0000000005212000 	/usr/lib/system/liblaunch.dylib
0x0000000005212000 	/usr/lib/system/libmacho.dylib
0x0000000005212000 	/usr/lib/system/libquarantine.dylib
0x0000000005212000 	/usr/lib/system/libremovefile.dylib
0x0000000005212000 	/usr/lib/system/libsystem_blocks.dylib
0x0000000005212000 	/usr/lib/system/libsystem_c.dylib
0x0000000005212000 	/usr/lib/system/libsystem_dnssd.dylib
0x0000000005212000 	/usr/lib/system/libsystem_info.dylib
0x0000000005212000 	/usr/lib/system/libsystem_kernel.dylib
0x0000000005212000 	/usr/lib/system/libsystem_m.dylib
0x0000000005212000 	/usr/lib/system/libsystem_network.dylib
0x0000000005212000 	/usr/lib/system/libsystem_notify.dylib
0x0000000005212000 	/usr/lib/system/libsystem_sandbox.dylib
0x0000000005212000 	/usr/lib/system/libunc.dylib
0x0000000005212000 	/usr/lib/system/libunwind.dylib
0x0000000005212000 	/usr/lib/system/libxpc.dylib
0x0000000005212000 	/usr/lib/system/libcorecrypto.dylib
0x0000000005212000 	/usr/lib/libstdc++.6.dylib
0x0000000005212000 	/usr/lib/libbsm.0.dylib
0x0000000005212000 	/usr/lib/libsqlite3.dylib
0x0000000005212000 	/usr/lib/libxar.1.dylib
0x0000000005212000 	/usr/lib/libpam.2.dylib
0x0000000005212000 	/usr/lib/libOpenScriptingUtil.dylib
0x0000000005212000 	/usr/lib/libbz2.1.0.dylib
0x0000000005212000 	/System/Library/Frameworks/CoreServices.framework/Versions/A/Frameworks/CarbonCore.framework/Versions/A/CarbonCore
0x0000000005212000 	/System/Library/Frameworks/CoreServices.framework/Versions/A/Frameworks/Metadata.framework/Versions/A/Metadata
0x0000000005212000 	/System/Library/Frameworks/CoreServices.framework/Versions/A/Frameworks/OSServices.framework/Versions/A/OSServices
0x0000000005212000 	/System/Library/Frameworks/CoreServices.framework/Versions/A/Frameworks/SearchKit.framework/Versions/A/SearchKit
0x0000000005212000 	/System/Library/Frameworks/CoreServices.framework/Versions/A/Frameworks/AE.framework/Versions/A/AE
0x0000000005212000 	/System/Library/Frameworks/CoreServices.framework/Versions/A/Frameworks/LaunchServices.framework/Versions/A/LaunchServices
0x0000000005212000 	/System/Library/Frameworks/CoreServices.framework/Versions/A/Frameworks/DictionaryServices.framework/Versions/A/DictionaryServices
0x0000000005212000 	/System/Library/Frameworks/NetFS.framework/Versions/A/NetFS
0x0000000005212000 	/usr/lib/system/libkxld.dylib
0x0000000005212000 	/System/Library/PrivateFrameworks/NetAuth.framework/Versions/A/NetAuth
0x0000000005212000 	/System/Library/Frameworks/OpenDirectory.framework/Versions/A/Frameworks/CFOpenDirectory.framework/Versions/A/CFOpenDirectory
0x0000000005212000 	/usr/lib/libxslt.1.dylib
0x0000000005212000 	/System/Library/PrivateFrameworks/FamilyControls.framework/Versions/A/FamilyControls
0x0000000005212000 	/System/Library/Frameworks/Carbon.framework/Versions/A/Frameworks/Ink.framework/Versions/A/Ink
0x0000000005212000 	/System/Library/Frameworks/ApplicationServices.framework/Versions/A/Frameworks/CoreGraphics.framework/Versions/A/CoreGraphics
0x0000000005212000 	/System/Library/Frameworks/ApplicationServices.framework/Versions/A/Frameworks/ATS.framework/Versions/A/ATS
0x0000000005212000 	/System/Library/Frameworks/ApplicationServices.framework/Versions/A/Frameworks/ColorSync.framework/Versions/A/ColorSync
0x0000000005212000 	/System/Library/Frameworks/ApplicationServices.framework/Versions/A/Frameworks/HIServices.framework/Versions/A/HIServices
0x0000000005212000 	/System/Library/Frameworks/ApplicationServices.framework/Versions/A/Frameworks/LangAnalysis.framework/Versions/A/LangAnalysis
0x0000000005212000 	/System/Library/Frameworks/ApplicationServices.framework/Versions/A/Frameworks/PrintCore.framework/Versions/A/PrintCore
0x0000000005212000 	/System/Library/Frameworks/ApplicationServices.framework/Versions/A/Frameworks/QD.framework/Versions/A/QD
0x0000000005212000 	/System/Library/Frameworks/ApplicationServices.framework/Versions/A/Frameworks/SpeechSynthesis.framework/Versions/A/SpeechSynthesis
0x0000000005212000 	/System/Library/Frameworks/IOSurface.framework/Versions/A/IOSurface
0x0000000005212000 	/System/Library/Frameworks/Accelerate.framework/Versions/A/Accelerate
0x0000000005212000 	/System/Library/Frameworks/ApplicationServices.framework/Versions/A/Frameworks/ATS.framework/Versions/A/Resources/libFontParser.dylib
0x0000000005212000 	/System/Library/Frameworks/ApplicationServices.framework/Versions/A/Frameworks/ATS.framework/Versions/A/Resources/libFontRegistry.dylib
0x0000000005212000 	/System/Library/Frameworks/Accelerate.framework/Versions/A/Frameworks/vImage.framework/Versions/A/vImage
0x0000000005212000 	/System/Library/Frameworks/Accelerate.framework/Versions/A/Frameworks/vecLib.framework/Versions/A/vecLib
0x0000000005212000 	/System/Library/Frameworks/Accelerate.framework/Versions/A/Frameworks/vecLib.framework/Versions/A/libvDSP.dylib
0x0000000005212000 	/System/Library/Frameworks/Accelerate.framework/Versions/A/Frameworks/vecLib.framework/Versions/A/libvMisc.dylib
0x0000000005212000 	/System/Library/Frameworks/Accelerate.framework/Versions/A/Frameworks/vecLib.framework/Versions/A/libLAPACK.dylib
0x0000000005212000 	/System/Library/Frameworks/Accelerate.framework/Versions/A/Frameworks/vecLib.framework/Versions/A/libBLAS.dylib
0x0000000005212000 	/System/Library/Frameworks/ImageIO.framework/Versions/A/Resources/libJPEG.dylib
0x0000000005212000 	/System/Library/Frameworks/ImageIO.framework/Versions/A/Resources/libTIFF.dylib
0x0000000005212000 	/System/Library/Frameworks/ImageIO.framework/Versions/A/Resources/libPng.dylib
0x0000000005212000 	/System/Library/Frameworks/ImageIO.framework/Versions/A/Resources/libGIF.dylib
0x0000000005212000 	/System/Library/Frameworks/ImageIO.framework/Versions/A/Resources/libJP2.dylib
0x0000000005212000 	/System/Library/Frameworks/ImageIO.framework/Versions/A/Resources/libRadiance.dylib
0x0000000005212000 	/usr/lib/libcups.2.dylib
0x0000000005212000 	/System/Library/Frameworks/Kerberos.framework/Versions/A/Kerberos
0x0000000005212000 	/System/Library/Frameworks/GSS.framework/Versions/A/GSS
0x0000000005212000 	/usr/lib/libresolv.9.dylib
0x0000000005212000 	/usr/lib/libiconv.2.dylib
0x0000000005212000 	/System/Library/PrivateFrameworks/Heimdal.framework/Versions/A/Heimdal
0x0000000005212000 	/System/Library/PrivateFrameworks/TrustEvaluationAgent.framework/Versions/A/TrustEvaluationAgent
0x0000000005212000 	/System/Library/Frameworks/OpenDirectory.framework/Versions/A/OpenDirectory
0x0000000005212000 	/System/Library/PrivateFrameworks/CommonAuth.framework/Versions/A/CommonAuth
0x0000000005212000 	/System/Library/PrivateFrameworks/Bom.framework/Versions/A/Bom
0x0000000005212000 	/System/Library/Frameworks/CoreVideo.framework/Versions/A/CoreVideo
0x0000000005212000 	/System/Library/Frameworks/QuartzCore.framework/Versions/A/Frameworks/CoreImage.framework/Versions/A/CoreImage
0x0000000005212000 	/System/Library/Frameworks/QuartzCore.framework/Versions/A/Frameworks/ScalableUserInterface.framework/Versions/A/ScalableUserInterface
0x0000000005212000 	/System/Library/Frameworks/OpenGL.framework/Versions/A/Libraries/libGLU.dylib
0x0000000005212000 	/System/Library/Frameworks/OpenGL.framework/Versions/A/Libraries/libGFXShared.dylib
0x0000000005212000 	/System/Library/Frameworks/OpenGL.framework/Versions/A/Libraries/libGL.dylib
0x0000000005212000 	/System/Library/Frameworks/OpenGL.framework/Versions/A/Libraries/libGLImage.dylib
0x0000000005212000 	/System/Library/Frameworks/OpenGL.framework/Versions/A/Libraries/libCVMSPluginSupport.dylib
0x0000000005212000 	/System/Library/Frameworks/OpenGL.framework/Versions/A/Libraries/libCoreVMClient.dylib
0x0000000005212000 	/System/Library/PrivateFrameworks/CrashReporterSupport.framework/Versions/A/CrashReporterSupport
0x0000000005212000 	/System/Library/Frameworks/OpenCL.framework/Versions/A/OpenCL
0x0000000005212000 	/System/Library/PrivateFrameworks/FaceCoreLight.framework/Versions/A/FaceCoreLight
0x0000000005212000 	/System/Library/PrivateFrameworks/AppleFSCompression.framework/Versions/A/AppleFSCompression
0x0000000005212000 	/System/Library/PrivateFrameworks/Ubiquity.framework/Versions/A/Ubiquity
0x0000000005212000 	/System/Library/Frameworks/ServiceManagement.framework/Versions/A/ServiceManagement
0x0000000005212000 	/System/Library/PrivateFrameworks/ChunkingLibrary.framework/Versions/A/ChunkingLibrary
0x0000000005212000 	/System/Library/Frameworks/vecLib.framework/Versions/A/vecLib
0x0000000005212000 	/System/Library/Frameworks/SecurityFoundation.framework/Versions/A/SecurityFoundation
0x0000000005212000 	/System/Library/PrivateFrameworks/CommerceKit.framework/Versions/A/Frameworks/CommerceCore.framework/Versions/A/CommerceCore
0x0000000005212000 	/System/Library/PrivateFrameworks/CoreSymbolication.framework/Versions/A/CoreSymbolication
0x0000000005212000 	/System/Library/PrivateFrameworks/Symbolication.framework/Versions/A/Symbolication
0x0000000005212000 	/System/Library/PrivateFrameworks/DebugSymbols.framework/Versions/A/DebugSymbols
0x000000010ccf9000 	/Library/Java/JavaVirtualMachines/jdk1.7.0_45.jdk/Contents/Home/jre/lib/server/libjvm.dylib
0x000000010d84f000 	/Library/Java/JavaVirtualMachines/jdk1.7.0_45.jdk/Contents/Home/jre/lib/libverify.dylib
0x000000010d85c000 	/Library/Java/JavaVirtualMachines/jdk1.7.0_45.jdk/Contents/Home/jre/lib/libjava.dylib
0x000000010d919000 	/Library/Java/JavaVirtualMachines/jdk1.7.0_45.jdk/Contents/Home/jre/lib/libzip.dylib
0x00000001109e3000 	/System/Library/Frameworks/JavaVM.framework/Frameworks/JavaRuntimeSupport.framework/JavaRuntimeSupport
0x000000019c42b000 	/System/Library/Frameworks/JavaVM.framework/Versions/A/Frameworks/JavaNativeFoundation.framework/Versions/A/JavaNativeFoundation
0x000000019c440000 	/System/Library/Frameworks/JavaVM.framework/Versions/A/JavaVM
0x0000000005212000 	/System/Library/Frameworks/Carbon.framework/Versions/A/Carbon
0x000000019c44d000 	/System/Library/PrivateFrameworks/JavaLaunching.framework/Versions/A/JavaLaunching
0x0000000005212000 	/System/Library/Frameworks/Carbon.framework/Versions/A/Frameworks/CommonPanels.framework/Versions/A/CommonPanels
0x0000000005212000 	/System/Library/Frameworks/Carbon.framework/Versions/A/Frameworks/Help.framework/Versions/A/Help
0x0000000005212000 	/System/Library/Frameworks/Carbon.framework/Versions/A/Frameworks/ImageCapture.framework/Versions/A/ImageCapture
0x0000000005212000 	/System/Library/Frameworks/Carbon.framework/Versions/A/Frameworks/OpenScripting.framework/Versions/A/OpenScripting
0x0000000005212000 	/System/Library/Frameworks/Carbon.framework/Versions/A/Frameworks/Print.framework/Versions/A/Print
0x0000000005212000 	/System/Library/Frameworks/Carbon.framework/Versions/A/Frameworks/SecurityHI.framework/Versions/A/SecurityHI
0x000000019cb7a000 	/private/var/folders/nz/h0pt7hvn3yl9nk2nrdvwvyym0000gn/T/libgdxTyler/92bf976d/libgdx.dylib
0x000000019cc00000 	/Library/Java/JavaVirtualMachines/jdk1.7.0_45.jdk/Contents/Home/jre/lib/libawt.dylib
0x000000019ccaf000 	/Library/Java/JavaVirtualMachines/jdk1.7.0_45.jdk/Contents/Home/jre/lib/./libmlib_image.dylib
0x000000019cd7b000 	/Library/Java/JavaVirtualMachines/jdk1.7.0_45.jdk/Contents/Home/jre/lib/lwawt/liblwawt.dylib
0x000000019ce2f000 	/Library/Java/JavaVirtualMachines/jdk1.7.0_45.jdk/Contents/Home/jre/lib/libosxapp.dylib
0x000000019ce49000 	/System/Library/Frameworks/ExceptionHandling.framework/Versions/A/ExceptionHandling
0x0000000005212000 	/System/Library/PrivateFrameworks/CoreServicesInternal.framework/Versions/A/CoreServicesInternal
0x0000000005212000 	/System/Library/PrivateFrameworks/Librarian.framework/Versions/A/Librarian
0x0000000005212000 	/System/Library/Frameworks/ApplicationServices.framework/Versions/A/Frameworks/CoreGraphics.framework/Versions/A/Resources/libCSync.A.dylib
0x0000000005212000 	/System/Library/Frameworks/ApplicationServices.framework/Versions/A/Frameworks/CoreGraphics.framework/Versions/A/Resources/libRIP.A.dylib
0x0000000005212000 	/System/Library/Frameworks/ApplicationServices.framework/Versions/A/Frameworks/CoreGraphics.framework/Versions/A/Resources/libCGXType.A.dylib
0x00000001a085a000 	/Library/Java/JavaVirtualMachines/jdk1.7.0_45.jdk/Contents/Home/jre/lib/libfontmanager.dylib
0x00000001a08be000 	/private/var/folders/nz/h0pt7hvn3yl9nk2nrdvwvyym0000gn/T/libgdxTyler/75260a42/liblwjgl.jnilib
0x000000019e254000 	/Library/Java/JavaVirtualMachines/jdk1.7.0_45.jdk/Contents/Home/jre/lib/libjawt.dylib
0x00000001a0939000 	/var/folders/nz/h0pt7hvn3yl9nk2nrdvwvyym0000gn/T/libgdxTyler/75260a42/openal.dylib
0x0000000130995000 	/System/Library/Components/CoreAudio.component/Contents/MacOS/CoreAudio
0x000000019e26d000 	/System/Library/Extensions/AppleHDA.kext/Contents/PlugIns/AppleHDAHALPlugIn.bundle/Contents/MacOS/AppleHDAHALPlugIn
0x00000001a0d8e000 	/System/Library/Frameworks/OpenGL.framework/Resources/GLEngine.bundle/GLEngine
0x00000001a0f83000 	/System/Library/Frameworks/OpenGL.framework/Versions/A/Libraries/libGLProgrammability.dylib
0x00000001a112b000 	/System/Library/Extensions/AppleIntelHD5000GraphicsGLDriver.bundle/Contents/MacOS/AppleIntelHD5000GraphicsGLDriver
0x000000019efe1000 	/System/Library/PrivateFrameworks/IOAccelerator.framework/Versions/A/IOAccelerator
0x000000019efee000 	/System/Library/PrivateFrameworks/GPUSupport.framework/Versions/A/Libraries/libGPUSupportMercury.dylib
0x00000001a1b96000 	/System/Library/Frameworks/OpenGL.framework/Resources//GLRendererFloat.bundle/GLRendererFloat
0x00000001a1bca000 	/System/Library/Frameworks/OpenCL.framework/Versions/A/Libraries/libcldcpuengine.dylib
0x0000000005212000 	/System/Library/PrivateFrameworks/DiskImages.framework/Versions/A/DiskImages
0x0000000005212000 	/System/Library/Frameworks/DiscRecording.framework/Versions/A/DiscRecording
0x0000000005212000 	/usr/lib/libcurl.4.dylib
0x0000000005212000 	/System/Library/PrivateFrameworks/MediaKit.framework/Versions/A/MediaKit
0x0000000005212000 	/usr/lib/libssl.0.9.8.dylib
0x0000000005212000 	/usr/lib/libcrypto.0.9.8.dylib
0x0000000005212000 	/System/Library/Frameworks/LDAP.framework/Versions/A/LDAP
0x0000000005212000 	/usr/lib/libsasl2.2.dylib

VM Arguments:
jvm_args: -Dfile.encoding=US-ASCII 
java_command: com.swimyfish.Main
Launcher Type: SUN_STANDARD

Environment Variables:
PATH=/usr/bin:/bin:/usr/sbin:/sbin
SHELL=/bin/bash

Signal Handlers:
SIGSEGV: [libjvm.dylib+0x525415], sa_mask[0]=0xfffefeff, sa_flags=0x00000043
SIGBUS: [libjvm.dylib+0x525415], sa_mask[0]=0xfffefeff, sa_flags=0x00000042
SIGFPE: [libjvm.dylib+0x41891a], sa_mask[0]=0xfffefeff, sa_flags=0x00000042
SIGPIPE: [libjvm.dylib+0x41891a], sa_mask[0]=0xfffefeff, sa_flags=0x00000042
SIGXFSZ: [libjvm.dylib+0x41891a], sa_mask[0]=0xfffefeff, sa_flags=0x00000042
SIGILL: [libjvm.dylib+0x41891a], sa_mask[0]=0xfffefeff, sa_flags=0x00000042
SIGUSR1: SIG_DFL, sa_mask[0]=0x00000000, sa_flags=0x00000002
SIGUSR2: [libjvm.dylib+0x41840c], sa_mask[0]=0x00000004, sa_flags=0x00000042
SIGHUP: [libjvm.dylib+0x41669b], sa_mask[0]=0xfffefeff, sa_flags=0x00000042
SIGINT: [libjvm.dylib+0x41669b], sa_mask[0]=0xfffefeff, sa_flags=0x00000042
SIGTERM: [libjvm.dylib+0x41669b], sa_mask[0]=0xfffefeff, sa_flags=0x00000042
SIGQUIT: [libjvm.dylib+0x41669b], sa_mask[0]=0xfffefeff, sa_flags=0x00000042


---------------  S Y S T E M  ---------------

OS:Bsduname:Darwin 12.4.1 Darwin Kernel Version 12.4.1: Tue May 21 17:04:50 PDT 2013; root:xnu-2050.40.51~1/RELEASE_X86_64 x86_64
rlimit: STACK 8192k, CORE 0k, NPROC 709, NOFILE 10240, AS infinity
load average:2.26 2.06 1.98

CPU:total 4 (2 cores per cpu, 2 threads per core) family 6 model 69 stepping 1, cmov, cx8, fxsr, mmx, sse, sse2, sse3, ssse3, sse4.1, sse4.2, popcnt, avx, avx2, aes, erms, ht, tsc, tscinvbit

Memory: 4k page, physical 8388608k(2097152k free)

/proc/meminfo:


vm_info: Java HotSpot(TM) 64-Bit Server VM (24.45-b08) for bsd-amd64 JRE (1.7.0_45-b18), built on Oct  8 2013 05:54:16 by "java_re" with gcc 4.2.1 (Based on Apple Inc. build 5658) (LLVM build 2336.11.00)

time: Sun Feb  9 14:16:18 2014
elapsed time: 11 seconds

